-------------------------------------------------------------------------------
Test set: com.example.RedisTest
-------------------------------------------------------------------------------
Tests run: 7, Failures: 0, Errors: 7, Skipped: 0, Time elapsed: 4.427 s <<< FAILURE! - in com.example.RedisTest
test1  Time elapsed: 0.001 s  <<< ERROR!
java.lang.IllegalStateException: Failed to load ApplicationContext
Caused by: org.springframework.beans.factory.BeanCreationException: 
Error creating bean with name 'requestMappingHandlerMapping' defined in class path resource [org/springframework/boot/autoconfigure/web/servlet/WebMvcAutoConfiguration$EnableWebMvcConfiguration.class]: Invocation of init method failed; nested exception is java.lang.IllegalStateException: Ambiguous mapping. Cannot map 'redisController' method 
com.example.controller.user.RedisController#dislike(Integer, Integer)
to {POST [/redis/like]}: There is already 'redisController' bean method
com.example.controller.user.RedisController#like(Integer, Integer) mapped.
Caused by: java.lang.IllegalStateException: 
Ambiguous mapping. Cannot map 'redisController' method 
com.example.controller.user.RedisController#dislike(Integer, Integer)
to {POST [/redis/like]}: There is already 'redisController' bean method
com.example.controller.user.RedisController#like(Integer, Integer) mapped.

test2  Time elapsed: 0 s  <<< ERROR!
java.lang.IllegalStateException: Failed to load ApplicationContext
Caused by: org.springframework.beans.factory.BeanCreationException: 
Error creating bean with name 'requestMappingHandlerMapping' defined in class path resource [org/springframework/boot/autoconfigure/web/servlet/WebMvcAutoConfiguration$EnableWebMvcConfiguration.class]: Invocation of init method failed; nested exception is java.lang.IllegalStateException: Ambiguous mapping. Cannot map 'redisController' method 
com.example.controller.user.RedisController#dislike(Integer, Integer)
to {POST [/redis/like]}: There is already 'redisController' bean method
com.example.controller.user.RedisController#like(Integer, Integer) mapped.
Caused by: java.lang.IllegalStateException: 
Ambiguous mapping. Cannot map 'redisController' method 
com.example.controller.user.RedisController#dislike(Integer, Integer)
to {POST [/redis/like]}: There is already 'redisController' bean method
com.example.controller.user.RedisController#like(Integer, Integer) mapped.

test3  Time elapsed: 0 s  <<< ERROR!
java.lang.IllegalStateException: Failed to load ApplicationContext
Caused by: org.springframework.beans.factory.BeanCreationException: 
Error creating bean with name 'requestMappingHandlerMapping' defined in class path resource [org/springframework/boot/autoconfigure/web/servlet/WebMvcAutoConfiguration$EnableWebMvcConfiguration.class]: Invocation of init method failed; nested exception is java.lang.IllegalStateException: Ambiguous mapping. Cannot map 'redisController' method 
com.example.controller.user.RedisController#dislike(Integer, Integer)
to {POST [/redis/like]}: There is already 'redisController' bean method
com.example.controller.user.RedisController#like(Integer, Integer) mapped.
Caused by: java.lang.IllegalStateException: 
Ambiguous mapping. Cannot map 'redisController' method 
com.example.controller.user.RedisController#dislike(Integer, Integer)
to {POST [/redis/like]}: There is already 'redisController' bean method
com.example.controller.user.RedisController#like(Integer, Integer) mapped.

test4  Time elapsed: 0 s  <<< ERROR!
java.lang.IllegalStateException: Failed to load ApplicationContext
Caused by: org.springframework.beans.factory.BeanCreationException: 
Error creating bean with name 'requestMappingHandlerMapping' defined in class path resource [org/springframework/boot/autoconfigure/web/servlet/WebMvcAutoConfiguration$EnableWebMvcConfiguration.class]: Invocation of init method failed; nested exception is java.lang.IllegalStateException: Ambiguous mapping. Cannot map 'redisController' method 
com.example.controller.user.RedisController#dislike(Integer, Integer)
to {POST [/redis/like]}: There is already 'redisController' bean method
com.example.controller.user.RedisController#like(Integer, Integer) mapped.
Caused by: java.lang.IllegalStateException: 
Ambiguous mapping. Cannot map 'redisController' method 
com.example.controller.user.RedisController#dislike(Integer, Integer)
to {POST [/redis/like]}: There is already 'redisController' bean method
com.example.controller.user.RedisController#like(Integer, Integer) mapped.

test5  Time elapsed: 0 s  <<< ERROR!
java.lang.IllegalStateException: Failed to load ApplicationContext
Caused by: org.springframework.beans.factory.BeanCreationException: 
Error creating bean with name 'requestMappingHandlerMapping' defined in class path resource [org/springframework/boot/autoconfigure/web/servlet/WebMvcAutoConfiguration$EnableWebMvcConfiguration.class]: Invocation of init method failed; nested exception is java.lang.IllegalStateException: Ambiguous mapping. Cannot map 'redisController' method 
com.example.controller.user.RedisController#dislike(Integer, Integer)
to {POST [/redis/like]}: There is already 'redisController' bean method
com.example.controller.user.RedisController#like(Integer, Integer) mapped.
Caused by: java.lang.IllegalStateException: 
Ambiguous mapping. Cannot map 'redisController' method 
com.example.controller.user.RedisController#dislike(Integer, Integer)
to {POST [/redis/like]}: There is already 'redisController' bean method
com.example.controller.user.RedisController#like(Integer, Integer) mapped.

test6  Time elapsed: 0 s  <<< ERROR!
java.lang.IllegalStateException: Failed to load ApplicationContext
Caused by: org.springframework.beans.factory.BeanCreationException: 
Error creating bean with name 'requestMappingHandlerMapping' defined in class path resource [org/springframework/boot/autoconfigure/web/servlet/WebMvcAutoConfiguration$EnableWebMvcConfiguration.class]: Invocation of init method failed; nested exception is java.lang.IllegalStateException: Ambiguous mapping. Cannot map 'redisController' method 
com.example.controller.user.RedisController#dislike(Integer, Integer)
to {POST [/redis/like]}: There is already 'redisController' bean method
com.example.controller.user.RedisController#like(Integer, Integer) mapped.
Caused by: java.lang.IllegalStateException: 
Ambiguous mapping. Cannot map 'redisController' method 
com.example.controller.user.RedisController#dislike(Integer, Integer)
to {POST [/redis/like]}: There is already 'redisController' bean method
com.example.controller.user.RedisController#like(Integer, Integer) mapped.

test7  Time elapsed: 0 s  <<< ERROR!
java.lang.IllegalStateException: Failed to load ApplicationContext
Caused by: org.springframework.beans.factory.BeanCreationException: 
Error creating bean with name 'requestMappingHandlerMapping' defined in class path resource [org/springframework/boot/autoconfigure/web/servlet/WebMvcAutoConfiguration$EnableWebMvcConfiguration.class]: Invocation of init method failed; nested exception is java.lang.IllegalStateException: Ambiguous mapping. Cannot map 'redisController' method 
com.example.controller.user.RedisController#dislike(Integer, Integer)
to {POST [/redis/like]}: There is already 'redisController' bean method
com.example.controller.user.RedisController#like(Integer, Integer) mapped.
Caused by: java.lang.IllegalStateException: 
Ambiguous mapping. Cannot map 'redisController' method 
com.example.controller.user.RedisController#dislike(Integer, Integer)
to {POST [/redis/like]}: There is already 'redisController' bean method
com.example.controller.user.RedisController#like(Integer, Integer) mapped.

