<?xml version="1.0" encoding="UTF-8"?>
<testsuite xmlns:xsi="http://www.w3.org/2001/XMLSchema-instance" xsi:noNamespaceSchemaLocation="https://maven.apache.org/surefire/maven-surefire-plugin/xsd/surefire-test-report.xsd" name="com.example.TliasWebManagementApplicationTests" time="0.52" tests="3" errors="1" skipped="0" failures="0">
  <properties>
[...]
</properties>
  <testcase name="testUuid" classname="com.example.TliasWebManagementApplicationTests" time="0.482"/>
  <testcase name="testGenJwt" classname="com.example.TliasWebManagementApplicationTests" time="0.021"/>
  <testcase name="testParseJwt" classname="com.example.TliasWebManagementApplicationTests" time="0.016">
    <error message="JWT expired at 2022-12-08T09:55:47Z. Current time: 2024-06-21T21:32:03Z, a difference of 48512176723 milliseconds.  Allowed clock skew: 0 milliseconds." type="io.jsonwebtoken.ExpiredJwtException">io.jsonwebtoken.ExpiredJwtException: JWT expired at 2022-12-08T09:55:47Z. Current time: 2024-06-21T21:32:03Z, a difference of 48512176723 milliseconds.  Allowed clock skew: 0 milliseconds.
	at com.example.TliasWebManagementApplicationTests.testParseJwt(TliasWebManagementApplicationTests.java:50)
</error>
  </testcase>
</testsuite>